<?xml version="1.0" encoding="UTF-8"?>
<!-- Generated by org.testng.reporters.JUnitXMLReporter -->
<testsuite hostname="P5-GKTM882" name="Test-Smoke" tests="19" failures="4" timestamp="14 Jun 2019 06:17:55 GMT" time="0.133" errors="0">
  <testcase name="test1" time="0.008" classname="testngFeatures.DemoAssertEquals"/>
  <testcase name="test2" time="0.003" classname="testngFeatures.DemoAssertEquals">
    <failure type="java.lang.AssertionError" message="error-msg expected [hi] but found [hello]">
      <![CDATA[java.lang.AssertionError: error-msg expected [hi] but found [hello]
	at testngFeatures.DemoAssertEquals.test2(DemoAssertEquals.java:17)
... Removed 30 stack frames]]>
    </failure>
  </testcase> <!-- test2 -->
  <testcase name="test3" time="0.002" classname="testngFeatures.DemoAssertEquals"/>
  <testcase name="test4" time="0.001" classname="testngFeatures.DemoAssertEquals">
    <failure type="java.lang.AssertionError" message="failing the test">
      <![CDATA[java.lang.AssertionError: failing the test
	at testngFeatures.DemoAssertEquals.test4(DemoAssertEquals.java:26)
... Removed 26 stack frames]]>
    </failure>
  </testcase> <!-- test4 -->
  <testcase name="test1" time="0.002" classname="testngFeatures.DemoAssertion"/>
  <testcase name="test2" time="0.002" classname="testngFeatures.DemoAssertion">
    <failure type="java.lang.AssertionError" message="error msg-is less than 20 expected [true] but found [false]">
      <![CDATA[java.lang.AssertionError: error msg-is less than 20 expected [true] but found [false]
	at testngFeatures.DemoAssertion.test2(DemoAssertion.java:16)
... Removed 28 stack frames]]>
    </failure>
  </testcase> <!-- test2 -->
  <testcase name="test3" time="0.002" classname="testngFeatures.DemoAssertion"/>
  <testcase name="f" time="0.003" classname="testngFeatures.DemoDataProvider"/>
  <testcase name="f" time="0.002" classname="testngFeatures.DemoDataProvider"/>
  <testcase name="f" time="0.002" classname="testngFeatures.DemoDataProvider"/>
  <testcase name="f" time="0.002" classname="testngFeatures.DemoExecutionSequence"/>
  <testcase name="demo" time="0.01" classname="testngFeatures.DemoSoftAssertion">
    <failure type="java.lang.AssertionError" message="The following asserts failed:
	expected [12] but found [10],
	expected [hi] but found [hello]">
      <![CDATA[java.lang.AssertionError: The following asserts failed:
	expected [12] but found [10],
	expected [hi] but found [hello]
	at testngFeatures.DemoSoftAssertion.demo(DemoSoftAssertion.java:16)
... Removed 26 stack frames]]>
    </failure>
  </testcase> <!-- demo -->
  <testcase name="openBrowser" time="0.001" classname="testngFeatures.MercuryApp"/>
  <testcase name="OpenURL" time="0.002" classname="testngFeatures.MercuryApp"/>
  <testcase name="login" time="0.001" classname="testngFeatures.MercuryApp"/>
  <testcase name="searchFlight" time="0.001" classname="testngFeatures.MercuryApp"/>
  <testcase name="bookFlight" time="0.001" classname="testngFeatures.MercuryApp"/>
  <testcase name="logout" time="0.001" classname="testngFeatures.MercuryApp"/>
  <testcase name="closeBrowser" time="0.001" classname="testngFeatures.MercuryApp"/>
</testsuite> <!-- Test-Smoke -->
