<?xml version="1.0" encoding="UTF-8"?>
<!-- Generated by org.testng.reporters.JUnitXMLReporter -->
<testsuite hostname="P5-GKTM882" name="Test" tests="4" failures="2" timestamp="14 Jun 2019 05:54:14 GMT" time="0.21" errors="0">
  <testcase name="demo" time="0.038" classname="testngFeatures.DemoSoftAssertion">
    <failure type="java.lang.AssertionError" message="The following asserts failed:
	expected [12] but found [10],
	expected [hi] but found [hello]">
      <![CDATA[java.lang.AssertionError: The following asserts failed:
	expected [12] but found [10],
	expected [hi] but found [hello]
	at testngFeatures.DemoSoftAssertion.demo(DemoSoftAssertion.java:16)
... Removed 26 stack frames]]>
    </failure>
  </testcase> <!-- demo -->
  <testcase name="test1" time="0.007" classname="testngFeatures.DemoAssertion"/>
  <testcase name="test2" time="0.003" classname="testngFeatures.DemoAssertion">
    <failure type="java.lang.AssertionError" message="error msg-is less than 20 expected [true] but found [false]">
      <![CDATA[java.lang.AssertionError: error msg-is less than 20 expected [true] but found [false]
	at testngFeatures.DemoAssertion.test2(DemoAssertion.java:16)
... Removed 28 stack frames]]>
    </failure>
  </testcase> <!-- test2 -->
  <testcase name="test3" time="0.002" classname="testngFeatures.DemoAssertion"/>
</testsuite> <!-- Test -->
